fail: Microsoft.EntityFrameworkCore.Database.Command[20102]
      Failed executing DbCommand (351ms) [Parameters=[], CommandType='Text', CommandTimeout='30']
      ALTER TABLE [Cities] DROP CONSTRAINT [FK_Cities_Districts_DistrictId];
fail: PortalApi.Program[0]
      An error occurred while seeding the database.
      System.AggregateException: One or more errors occurred. (Constraint 'FK_Cities_Districts_DistrictId' does not belong to table 'Cities'.
      Could not drop constraint. See previous errors.)
       ---> Microsoft.Data.SqlClient.SqlException (0x80131904): Constraint 'FK_Cities_Districts_DistrictId' does not belong to table 'Cities'.
      Could not drop constraint. See previous errors.
         at Microsoft.Data.SqlClient.SqlConnection.OnError(SqlException exception, Boolean breakConnection, Action`1 wrapCloseInAction)
         at Microsoft.Data.SqlClient.SqlInternalConnection.OnError(SqlException exception, Boolean breakConnection, Action`1 wrapCloseInAction)
         at Microsoft.Data.SqlClient.TdsParser.ThrowExceptionAndWarning(TdsParserStateObject stateObj, Boolean callerHasConnectionLock, Boolean asyncClose)
         at Microsoft.Data.SqlClient.TdsParser.TryRun(RunBehavior runBehavior, SqlCommand cmdHandler, SqlDataReader dataStream, BulkCopySimpleResultSet bulkCopyHandler, TdsParserStateObject stateObj, Boolean& dataReady)
         at Microsoft.Data.SqlClient.SqlCommand.RunExecuteNonQueryTds(String methodName, Boolean isAsync, Int32 timeout, Boolean asyncWrite)
         at Microsoft.Data.SqlClient.SqlCommand.InternalExecuteNonQuery(TaskCompletionSource`1 completion, Boolean sendToPipe, Int32 timeout, Boolean& usedCache, Boolean asyncWrite, Boolean inRetry, String methodName)
         at Microsoft.Data.SqlClient.SqlCommand.ExecuteNonQuery()
         at Microsoft.EntityFrameworkCore.Storage.RelationalCommand.ExecuteNonQuery(RelationalCommandParameterObject parameterObject)
         at Microsoft.EntityFrameworkCore.Migrations.MigrationCommand.ExecuteNonQuery(IRelationalConnection connection, IReadOnlyDictionary`2 parameterValues)
         at Microsoft.EntityFrameworkCore.Migrations.Internal.MigrationCommandExecutor.ExecuteNonQuery(IEnumerable`1 migrationCommands, IRelationalConnection connection)
         at Microsoft.EntityFrameworkCore.Migrations.Internal.Migrator.Migrate(String targetMigration)
         at Microsoft.EntityFrameworkCore.RelationalDatabaseFacadeExtensions.Migrate(DatabaseFacade databaseFacade)
         at PortalApi.Data.AppDbInitializer.InitializeAsync(AppDbContext context, IServiceProvider serviceProvider) in C:\Projects\portal\PortalApi\PortalApi\Data\AppDbInitializer.cs:line 16
      ClientConnectionId:1f020cbc-19c5-4300-b0e2-e9c7ebba451b
      Error Number:3733,State:2,Class:16
         --- End of inner exception stack trace ---
         at System.Threading.Tasks.Task.Wait(Int32 millisecondsTimeout, CancellationToken cancellationToken)
         at System.Threading.Tasks.Task.Wait()
         at PortalApi.Program.Main(String[] args) in C:\Projects\portal\PortalApi\PortalApi\Program.cs:line 25
info: Microsoft.Hosting.Lifetime[0]
      Application started. Press Ctrl+C to shut down.
info: Microsoft.Hosting.Lifetime[0]
      Hosting environment: Development
info: Microsoft.Hosting.Lifetime[0]
      Content root path: C:\Projects\portal\PortalApi\PortalApi
fail: Microsoft.AspNetCore.Diagnostics.DeveloperExceptionPageMiddleware[1]
      An unhandled exception has occurred while executing the request.
      Swashbuckle.AspNetCore.SwaggerGen.SwaggerGeneratorException: Ambiguous HTTP method for action - PortalApi.Controllers.ImagesController.Get (PortalApi). Actions require an explicit HttpMethod binding for Swagger/OpenAPI 3.0
         at Swashbuckle.AspNetCore.SwaggerGen.SwaggerGenerator.GenerateOperations(IEnumerable`1 apiDescriptions, SchemaRepository schemaRepository)
         at Swashbuckle.AspNetCore.SwaggerGen.SwaggerGenerator.GeneratePaths(IEnumerable`1 apiDescriptions, SchemaRepository schemaRepository)
         at Swashbuckle.AspNetCore.SwaggerGen.SwaggerGenerator.GetSwagger(String 