fail: Microsoft.EntityFrameworkCore.Database.Command[20102]
      Failed executing DbCommand (39ms) [Parameters=[], CommandType='Text', CommandTimeout='30']
      DECLARE @var0 sysname;
      SELECT @var0 = [d].[name]
      FROM [sys].[default_constraints] [d]
      INNER JOIN [sys].[columns] [c] ON [d].[parent_column_id] = [c].[column_id] AND [d].[parent_object_id] = [c].[object_id]
      WHERE ([d].[parent_object_id] = OBJECT_ID(N'[Countries]') AND [c].[name] = N'Code');
      IF @var0 IS NOT NULL EXEC(N'ALTER TABLE [Countries] DROP CONSTRAINT [' + @var0 + '];');
      ALTER TABLE [Countries] ALTER COLUMN [Code] nvarchar(60) NOT NULL;
      ALTER TABLE [Countries] ADD DEFAULT N'' FOR [Code];
fail: TawoApi.Program[0]
      An error occurred while seeding the database.
      System.AggregateException: One or more errors occurred. (Cannot insert the value NULL into column 'Code', table 'Tawo.dbo.Countries'; column does not allow nulls. UPDATE fails.
      The statement has been terminated.)
       ---> Microsoft.Data.SqlClient.SqlException (0x80131904): Cannot insert the value NULL into column 'Code', table 'Tawo.dbo.Countries'; column does not allow nulls. UPDATE fails.
      The statement has been terminated.
         at Microsoft.Data.SqlClient.SqlConnection.OnError(SqlException exception, Boolean breakConnection, Action`1 wrapCloseInAction)
         at Microsoft.Data.SqlClient.SqlInternalConnection.OnError(SqlException exception, Boolean breakConnection, Action`1 wrapCloseInAction)
         at Microsoft.Data.SqlClient.TdsParser.ThrowExceptionAndWarning(TdsParserStateObject stateObj, Boolean callerHasConnectionLock, Boolean asyncClose)
         at Microsoft.Data.SqlClient.TdsParser.TryRun(RunBehavior runBehavior, SqlCommand cmdHandler, SqlDataReader dataStream, BulkCopySimpleResultSet bulkCopyHandler, TdsParserStateObject stateObj, Boolean& dataReady)
         at Microsoft.Data.SqlClient.SqlCommand.RunExecuteNonQueryTds(String methodName, Boolean isAsync, Int32 timeout, Boolean asyncWrite)
         at Microsoft.Data.SqlClient.SqlCommand.InternalExecuteNonQuery(TaskCompletionSource`1 completion, Boolean sendToPipe, Int32 timeout, Boolean& usedCache, Boolean asyncWrite, Boolean inRetry, String methodName)
         at Microsoft.Data.SqlClient.SqlCommand.ExecuteNonQuery()
         at Microsoft.EntityFrameworkCore.Storage.RelationalCommand.ExecuteNonQuery(RelationalCommandParameterObject parameterObject)
         at Microsoft.EntityFrameworkCore.Migrations.MigrationCommand.ExecuteNonQuery(IRelationalConnection connection, IReadOnlyDictionary`2 parameterValues)
         at Microsoft.EntityFrameworkCore.Migrations.Internal.MigrationCommandExecutor.ExecuteNonQuery(IEnumerable`1 migrationCommands, IRelationalConnection connection)
         at Microsoft.EntityFrameworkCore.Migrations.Internal.Migrator.Migrate(String targetMigration)
         at Microsoft.EntityFrameworkCore.RelationalDatabaseFacadeExtensions.Migrate(DatabaseFacade databaseFacade)
         at TawoApi.Data.AppDbInitializer.InitializeAsync(AppDbContext context, IServiceProvider serviceProvider) in C:\Projects\tawo\TawoApi\TawoApi\Data\AppDbInitializer.cs:line 16
      ClientConnectionId:1ea7d779-400f-4e77-8d33-d462358814f4
      Error Number:515,State:2,Class:16
         --- End of inner exception stack trace ---
         at System.Threading.Tasks.Task.Wait(Int32 millisecondsTimeout, CancellationToken cancellationToken)
         at System.Threading.Tasks.Task.Wait()
         at TawoApi.Program.Main(String[] args) in C:\Projects\tawo\TawoApi\TawoApi\Program.cs:line 25
info: Microsoft.Hosting.Lifetime[0]
      Application started. Press Ctrl+C to shut down.
info: Microsoft.Hosting.Lifetime[0]
      Hosting environment: Development
info: Microsoft.Hosting.Lifetime[0]
      Content root path: C:\Projects\tawo\TawoApi\TawoApi
fail: Microsoft.EntityFrameworkCore.Query[10100]
      An exception occurred while iterating over the results of a query for context type 'TawoApi.Data.AppDbContext'.
      System.Data.SqlTypes.SqlNullValueException: Data is Null. This method or pr